<?xml version="1.0" encoding="UTF-8"?>
<testng-results ignored="0" total="1" passed="1" failed="0" skipped="0">
  <reporter-output>
  </reporter-output>
  <suite started-at="2019-12-01T13:16:54 IST" name="Default suite" finished-at="2019-12-01T13:17:39 IST" duration-ms="45394">
    <groups>
    </groups>
    <test started-at="2019-12-01T13:16:54 IST" name="Default test" finished-at="2019-12-01T13:17:39 IST" duration-ms="45394">
      <class name="mypack02.Testcase04">
        <test-method is-config="true" signature="openBrowser()[pri:0, instance:mypack02.Testcase04@3943a2be]" started-at="2019-12-01T13:16:54 IST" name="openBrowser" finished-at="2019-12-01T13:17:16 IST" duration-ms="21846" status="PASS">
          <reporter-output>
          </reporter-output>
        </test-method> <!-- openBrowser -->
        <test-method signature="testCase04()[pri:0, instance:mypack02.Testcase04@3943a2be]" started-at="2019-12-01T13:17:16 IST" name="testCase04" finished-at="2019-12-01T13:17:39 IST" duration-ms="23398" status="PASS">
          <reporter-output>
          </reporter-output>
        </test-method> <!-- testCase04 -->
        <test-method is-config="true" signature="quitBrowser()[pri:0, instance:mypack02.Testcase04@3943a2be]" started-at="2019-12-01T13:17:39 IST" name="quitBrowser" finished-at="2019-12-01T13:17:39 IST" duration-ms="0" status="PASS">
          <reporter-output>
          </reporter-output>
        </test-method> <!-- quitBrowser -->
      </class> <!-- mypack02.Testcase04 -->
    </test> <!-- Default test -->
  </suite> <!-- Default suite -->
</testng-results>
